# JRE version: Java(TM) SE Runtime Environment (8.0_161-b12) (build 1.8.0_161-b12)
# Java VM: Java HotSpot(TM) 64-Bit Server VM (25.161-b12 mixed mode windows-amd64 compressed oops)
Heap:
 PSYoungGen      total 261632K, used 129393K [0x00000000d5f00000, 0x00000000e7900000, 0x0000000100000000)
  eden space 242688K, 53% used [0x00000000d5f00000,0x00000000ddd5c498,0x00000000e4c00000)
  from space 18944K, 0% used [0x00000000e6400000,0x00000000e6400000,0x00000000e7680000)
  to   space 23040K, 0% used [0x00000000e4c00000,0x00000000e4c00000,0x00000000e6280000)
 ParOldGen       total 144896K, used 37532K [0x0000000081c00000, 0x000000008a980000, 0x00000000d5f00000)
  object space 144896K, 25% used [0x0000000081c00000,0x00000000840a7380,0x000000008a980000)
 Metaspace       used 60595K, capacity 63056K, committed 63232K, reserved 1103872K
  class space    used 7901K, capacity 8346K, committed 8448K, reserved 1048576K
GC Heap History (10 events):
Event: 12.166 GC heap before
{Heap before GC invocations=11 (full 2):
 PSYoungGen      total 178688K, used 165376K [0x00000000d5f00000, 0x00000000e4500000, 0x0000000100000000)
  eden space 165376K, 100% used [0x00000000d5f00000,0x00000000e0080000,0x00000000e0080000)
  from space 13312K, 0% used [0x00000000e1080000,0x00000000e1080000,0x00000000e1d80000)
  to   space 16384K, 0% used [0x00000000e0080000,0x00000000e0080000,0x00000000e1080000)
 ParOldGen       total 98816K, used 20772K [0x0000000081c00000, 0x0000000087c80000, 0x00000000d5f00000)
  object space 98816K, 21% used [0x0000000081c00000,0x0000000083049398,0x0000000087c80000)
 Metaspace       used 40685K, capacity 42222K, committed 42368K, reserved 1085440K
  class space    used 5145K, capacity 5425K, committed 5504K, reserved 1048576K
Event: 12.180 GC heap after
Heap after GC invocations=11 (full 2):
 PSYoungGen      total 181760K, used 9961K [0x00000000d5f00000, 0x00000000e4880000, 0x0000000100000000)
  eden space 165376K, 0% used [0x00000000d5f00000,0x00000000d5f00000,0x00000000e0080000)
  from space 16384K, 60% used [0x00000000e0080000,0x00000000e0a3a4f0,0x00000000e1080000)
  to   space 15872K, 0% used [0x00000000e3900000,0x00000000e3900000,0x00000000e4880000)
 ParOldGen       total 98816K, used 20780K [0x0000000081c00000, 0x0000000087c80000, 0x00000000d5f00000)
  object space 98816K, 21% used [0x0000000081c00000,0x000000008304b398,0x0000000087c80000)
 Metaspace       used 40685K, capacity 42222K, committed 42368K, reserved 1085440K
  class space    used 5145K, capacity 5425K, committed 5504K, reserved 1048576K
}
Event: 14.301 GC heap before
{Heap before GC invocations=12 (full 2):
 PSYoungGen      total 181760K, used 175337K [0x00000000d5f00000, 0x00000000e4880000, 0x0000000100000000)
  eden space 165376K, 100% used [0x00000000d5f00000,0x00000000e0080000,0x00000000e0080000)
  from space 16384K, 60% used [0x00000000e0080000,0x00000000e0a3a4f0,0x00000000e1080000)
  to   space 15872K, 0% used [0x00000000e3900000,0x00000000e3900000,0x00000000e4880000)
 ParOldGen       total 98816K, used 20780K [0x0000000081c00000, 0x0000000087c80000, 0x00000000d5f00000)
  object space 98816K, 21% used [0x0000000081c00000,0x000000008304b398,0x0000000087c80000)
 Metaspace       used 43252K, capacity 44994K, committed 45312K, reserved 1089536K
  class space    used 5499K, capacity 5843K, committed 5888K, reserved 1048576K
Event: 14.314 GC heap after
Heap after GC invocations=12 (full 2):
 PSYoungGen      total 218112K, used 10927K [0x00000000d5f00000, 0x00000000e4680000, 0x0000000100000000)
  eden space 204288K, 0% used [0x00000000d5f00000,0x00000000d5f00000,0x00000000e2680000)
  from space 13824K, 79% used [0x00000000e3900000,0x00000000e43abd78,0x00000000e4680000)
  to   space 16384K, 0% used [0x00000000e2680000,0x00000000e2680000,0x00000000e3680000)
 ParOldGen       total 98816K, used 20788K [0x0000000081c00000, 0x0000000087c80000, 0x00000000d5f00000)
  object space 98816K, 21% used [0x0000000081c00000,0x000000008304d398,0x0000000087c80000)
 Metaspace       used 43252K, capacity 44994K, committed 45312K, reserved 1089536K
  class space    used 5499K, capacity 5843K, committed 5888K, reserved 1048576K
}
Event: 18.553 GC heap before
{Heap before GC invocations=13 (full 2):
 PSYoungGen      total 218112K, used 215215K [0x00000000d5f00000, 0x00000000e4680000, 0x0000000100000000)
  eden space 204288K, 100% used [0x00000000d5f00000,0x00000000e2680000,0x00000000e2680000)
  from space 13824K, 79% used [0x00000000e3900000,0x00000000e43abd78,0x00000000e4680000)
  to   space 16384K, 0% used [0x00000000e2680000,0x00000000e2680000,0x00000000e3680000)
 ParOldGen       total 98816K, used 20788K [0x0000000081c00000, 0x0000000087c80000, 0x00000000d5f00000)
  object space 98816K, 21% used [0x0000000081c00000,0x000000008304d398,0x0000000087c80000)
 Metaspace       used 46845K, capacity 48912K, committed 49152K, reserved 1091584K
  class space    used 5992K, capacity 6368K, committed 6400K, reserved 1048576K
Event: 18.573 GC heap after
Heap after GC invocations=13 (full 2):
 PSYoungGen      total 220672K, used 16380K [0x00000000d5f00000, 0x00000000e7680000, 0x0000000100000000)
  eden space 204288K, 0% used [0x00000000d5f00000,0x00000000d5f00000,0x00000000e2680000)
  from space 16384K, 99% used [0x00000000e2680000,0x00000000e367f1b8,0x00000000e3680000)
  to   space 18944K, 0% used [0x00000000e6400000,0x00000000e6400000,0x00000000e7680000)
 ParOldGen       total 98816K, used 22763K [0x0000000081c00000, 0x0000000087c80000, 0x00000000d5f00000)
  object space 98816K, 23% used [0x0000000081c00000,0x000000008323af60,0x0000000087c80000)
 Metaspace       used 46845K, capacity 48912K, committed 49152K, reserved 1091584K
  class space    used 5992K, capacity 6368K, committed 6400K, reserved 1048576K
}
Event: 32.807 GC heap before
{Heap before GC invocations=14 (full 2):
 PSYoungGen      total 220672K, used 218356K [0x00000000d5f00000, 0x00000000e7680000, 0x0000000100000000)
  eden space 204288K, 98% used [0x00000000d5f00000,0x00000000e243df10,0x00000000e2680000)
  from space 16384K, 99% used [0x00000000e2680000,0x00000000e367f1b8,0x00000000e3680000)
  to   space 18944K, 0% used [0x00000000e6400000,0x00000000e6400000,0x00000000e7680000)
 ParOldGen       total 98816K, used 22763K [0x0000000081c00000, 0x0000000087c80000, 0x00000000d5f00000)
  object space 98816K, 23% used [0x0000000081c00000,0x000000008323af60,0x0000000087c80000)
 Metaspace       used 56617K, capacity 58892K, committed 59008K, reserved 1099776K
  class space    used 7348K, capacity 7748K, committed 7808K, reserved 1048576K
Event: 32.843 GC heap after
Heap after GC invocations=14 (full 2):
 PSYoungGen      total 261632K, used 18914K [0x00000000d5f00000, 0x00000000e7900000, 0x0000000100000000)
  eden space 242688K, 0% used [0x00000000d5f00000,0x00000000d5f00000,0x00000000e4c00000)
  from space 18944K, 99% used [0x00000000e6400000,0x00000000e76788b8,0x00000000e7680000)
  to   space 23040K, 0% used [0x00000000e4c00000,0x00000000e4c00000,0x00000000e6280000)
 ParOldGen       total 98816K, used 26648K [0x0000000081c00000, 0x0000000087c80000, 0x00000000d5f00000)
  object space 98816K, 26% used [0x0000000081c00000,0x00000000836063a8,0x0000000087c80000)
 Metaspace       used 56617K, capacity 58892K, committed 59008K, reserved 1099776K
  class space    used 7348K, capacity 7748K, committed 7808K, reserved 1048576K
}
Event: 32.843 GC heap before
{Heap before GC invocations=15 (full 3):
 PSYoungGen      total 261632K, used 18914K [0x00000000d5f00000, 0x00000000e7900000, 0x0000000100000000)
  eden space 242688K, 0% used [0x00000000d5f00000,0x00000000d5f00000,0x00000000e4c00000)
  from space 18944K, 99% used [0x00000000e6400000,0x00000000e76788b8,0x00000000e7680000)
  to   space 23040K, 0% used [0x00000000e4c00000,0x00000000e4c00000,0x00000000e6280000)
 ParOldGen       total 98816K, used 26648K [0x0000000081c00000, 0x0000000087c80000, 0x00000000d5f00000)
  object space 98816K, 26% used [0x0000000081c00000,0x00000000836063a8,0x0000000087c80000)
 Metaspace       used 56617K, capacity 58892K, committed 59008K, reserved 1099776K
  class space    used 7348K, capacity 7748K, committed 7808K, reserved 1048576K
Event: 33.004 GC heap after
Heap after GC invocations=15 (full 3):
 PSYoungGen      total 261632K, used 0K [0x00000000d5f00000, 0x00000000e7900000, 0x0000000100000000)
  eden space 242688K, 0% used [0x00000000d5f00000,0x00000000d5f00000,0x00000000e4c00000)
  from space 18944K, 0% used [0x00000000e6400000,0x00000000e6400000,0x00000000e7680000)
  to   space 23040K, 0% used [0x00000000e4c00000,0x00000000e4c00000,0x00000000e6280000)
 ParOldGen       total 144896K, used 37532K [0x0000000081c00000, 0x000000008a980000, 0x00000000d5f00000)
  object space 144896K, 25% used [0x0000000081c00000,0x00000000840a7380,0x000000008a980000)
 Metaspace       used 56617K, capacity 58892K, committed 59008K, reserved 1099776K
  class space    used 7348K, capacity 7748K, committed 7808K, reserved 1048576K
}

